<?xml version="1.0" encoding="UTF-8"?>
<testsuite xmlns:xsi="http://www.w3.org/2001/XMLSchema-instance" xsi:noNamespaceSchemaLocation="https://maven.apache.org/surefire/maven-surefire-plugin/xsd/surefire-test-report.xsd" version="3.0.2" name="com.techhub.springdatajpa_demo.SpringdatajpaDemoApplicationTests" time="2.987" tests="1" errors="0" skipped="0" failures="0">
  <properties>
[...]
</properties>
  <testcase name="contextLoads" classname="com.techhub.springdatajpa_demo.SpringdatajpaDemoApplicationTests" time="0.26">
    <system-out><![CDATA[00:59:17.691 [main] INFO org.springframework.test.context.support.AnnotationConfigContextLoaderUtils -- Could not detect default configuration classes for test class [com.techhub.springdatajpa_demo.SpringdatajpaDemoApplicationTests]: SpringdatajpaDemoApplicationTests does not declare any static, non-private, non-final, nested classes annotated with @Configuration.
00:59:17.745 [main] INFO org.springframework.boot.test.context.SpringBootTestContextBootstrapper -- Found @SpringBootConfiguration com.techhub.springdatajpa_demo.SpringdatajpaDemoApplication for test class com.techhub.springdatajpa_demo.SpringdatajpaDemoApplicationTests
00:59:17.824 [main] INFO org.springframework.boot.devtools.restart.RestartApplicationListener -- Restart disabled due to context in which it is running

  .   ____          _            __ _ _
 /\\ / ___'_ __ _ _(_)_ __  __ _ \ \ \ \
( ( )\___ | '_ | '_| | '_ \/ _` | \ \ \ \
 \\/  ___)| |_)| | | | | || (_| |  ) ) ) )
  '  |____| .__|_| |_|_| |_\__, | / / / /
 =========|_|==============|___/=/_/_/_/

 :: Spring Boot ::                (v3.5.3)

2025-06-26T00:59:17.959+05:30  INFO 366018 --- [springdatajpa-demo] [           main] c.t.s.SpringdatajpaDemoApplicationTests  : Starting SpringdatajpaDemoApplicationTests using Java 17.0.15 with PID 366018 (started by nashtech in /home/nashtech/Documents/techhub-springdatajpa-demo/springdatajpa-demo)
2025-06-26T00:59:17.960+05:30  INFO 366018 --- [springdatajpa-demo] [           main] c.t.s.SpringdatajpaDemoApplicationTests  : No active profile set, falling back to 1 default profile: "default"
2025-06-26T00:59:18.294+05:30  INFO 366018 --- [springdatajpa-demo] [           main] .s.d.r.c.RepositoryConfigurationDelegate : Bootstrapping Spring Data JPA repositories in DEFAULT mode.
2025-06-26T00:59:18.329+05:30  INFO 366018 --- [springdatajpa-demo] [           main] .s.d.r.c.RepositoryConfigurationDelegate : Finished Spring Data repository scanning in 28 ms. Found 4 JPA repository interfaces.
2025-06-26T00:59:18.628+05:30  INFO 366018 --- [springdatajpa-demo] [           main] o.hibernate.jpa.internal.util.LogHelper  : HHH000204: Processing PersistenceUnitInfo [name: default]
2025-06-26T00:59:18.651+05:30  INFO 366018 --- [springdatajpa-demo] [           main] org.hibernate.Version                    : HHH000412: Hibernate ORM core version 6.6.18.Final
2025-06-26T00:59:18.673+05:30  INFO 366018 --- [springdatajpa-demo] [           main] o.h.c.internal.RegionFactoryInitiator    : HHH000026: Second-level cache disabled
2025-06-26T00:59:18.805+05:30  INFO 366018 --- [springdatajpa-demo] [           main] o.s.o.j.p.SpringPersistenceUnitInfo      : No LoadTimeWeaver setup: ignoring JPA class transformer
2025-06-26T00:59:18.821+05:30  INFO 366018 --- [springdatajpa-demo] [           main] com.zaxxer.hikari.HikariDataSource       : HikariPool-1 - Starting...
2025-06-26T00:59:19.029+05:30  INFO 366018 --- [springdatajpa-demo] [           main] com.zaxxer.hikari.pool.HikariPool        : HikariPool-1 - Added connection org.postgresql.jdbc.PgConnection@3cf4dec7
2025-06-26T00:59:19.031+05:30  INFO 366018 --- [springdatajpa-demo] [           main] com.zaxxer.hikari.HikariDataSource       : HikariPool-1 - Start completed.
2025-06-26T00:59:19.054+05:30  WARN 366018 --- [springdatajpa-demo] [           main] org.hibernate.orm.deprecation            : HHH90000025: PostgreSQLDialect does not need to be specified explicitly using 'hibernate.dialect' (remove the property setting and it will be selected by default)
2025-06-26T00:59:19.070+05:30  INFO 366018 --- [springdatajpa-demo] [           main] org.hibernate.orm.connections.pooling    : HHH10001005: Database info:
	Database JDBC URL [Connecting through datasource 'HikariDataSource (HikariPool-1)']
	Database driver: undefined/unknown
	Database version: 14.18
	Autocommit mode: undefined/unknown
	Isolation level: undefined/unknown
	Minimum pool size: undefined/unknown
	Maximum pool size: undefined/unknown
2025-06-26T00:59:19.515+05:30  INFO 366018 --- [springdatajpa-demo] [           main] o.h.e.t.j.p.i.JtaPlatformInitiator       : HHH000489: No JTA platform available (set 'hibernate.transaction.jta.platform' to enable JTA platform integration)
Hibernate: 
    create table author (
        id bigint generated by default as identity,
        name varchar(255),
        primary key (id)
    )
Hibernate: 
    create table book (
        id bigint generated by default as identity,
        price float(53) not null,
        title varchar(255),
        author_id bigint,
        category_id bigint,
        primary key (id)
    )
Hibernate: 
    create table category (
        id bigint generated by default as identity,
        name varchar(255),
        primary key (id)
    )
Hibernate: 
    create table order_books (
        order_id bigint not null,
        book_id bigint not null
    )
Hibernate: 
    create table orders (
        id bigint generated by default as identity,
        ordered_at timestamp(6),
        primary key (id)
    )
Hibernate: 
    alter table if exists book 
       add constraint FKklnrv3weler2ftkweewlky958 
       foreign key (author_id) 
       references author
Hibernate: 
    alter table if exists book 
       add constraint FKam9riv8y6rjwkua1gapdfew4j 
       foreign key (category_id) 
       references category
Hibernate: 
    alter table if exists order_books 
       add constraint FKob9ouxm4839moiuume94l94yg 
       foreign key (book_id) 
       references book
Hibernate: 
    alter table if exists order_books 
       add constraint FK9ai8wib7jbokb4njnkwb8cy5i 
       foreign key (order_id) 
       references orders
2025-06-26T00:59:19.555+05:30  INFO 366018 --- [springdatajpa-demo] [           main] j.LocalContainerEntityManagerFactoryBean : Initialized JPA EntityManagerFactory for persistence unit 'default'
2025-06-26T00:59:19.818+05:30  WARN 366018 --- [springdatajpa-demo] [           main] JpaBaseConfiguration$JpaWebConfiguration : spring.jpa.open-in-view is enabled by default. Therefore, database queries may be performed during view rendering. Explicitly configure spring.jpa.open-in-view to disable this warning
2025-06-26T00:59:20.053+05:30  INFO 366018 --- [springdatajpa-demo] [           main] c.t.s.SpringdatajpaDemoApplicationTests  : Started SpringdatajpaDemoApplicationTests in 2.234 seconds (process running for 2.7)
Hibernate: 
    select
        count(*) 
    from
        author a1_0
Hibernate: 
    select
        count(*) 
    from
        category c1_0
Hibernate: 
    select
        count(*) 
    from
        book b1_0
Hibernate: 
    insert 
    into
        author
        (name) 
    values
        (?)
Hibernate: 
    insert 
    into
        author
        (name) 
    values
        (?)
Hibernate: 
    insert 
    into
        author
        (name) 
    values
        (?)
Hibernate: 
    insert 
    into
        category
        (name) 
    values
        (?)
Hibernate: 
    insert 
    into
        category
        (name) 
    values
        (?)
Hibernate: 
    insert 
    into
        category
        (name) 
    values
        (?)
Hibernate: 
    insert 
    into
        book
        (author_id, category_id, price, title) 
    values
        (?, ?, ?, ?)
Hibernate: 
    insert 
    into
        book
        (author_id, category_id, price, title) 
    values
        (?, ?, ?, ?)
Hibernate: 
    insert 
    into
        book
        (author_id, category_id, price, title) 
    values
        (?, ?, ?, ?)
]]></system-out>
  </testcase>
</testsuite>